########### array before sorts ###########
0	1.270000	102.311419	1.270000	6.132087	n
1	1.270000	6.132087	1.565494	3.887586	n
2	1.565494	3.887586	2.431839	1.796044	n
3	2.431839	1.796044	3.809996	-0.000004	n
4	3.809996	-0.000004	5.606044	-1.378161	n
5	5.606044	-1.378161	7.697586	-2.244506	n
6	7.697586	-2.244506	9.942088	-2.540000	n
7	9.942088	-2.540000	67.769366	-2.540000	n
8	67.769366	-2.540000	69.865964	-2.263978	n
9	69.865964	-2.263978	71.819683	-1.454721	n
10	71.819683	-1.454721	73.497379	-0.167379	n
11	73.497379	-0.167379	74.784721	1.510317	n
12	74.784721	1.510317	75.593978	3.464036	n
13	75.593978	3.464036	75.870000	5.560634	n
14	75.870000	5.560634	75.870000	101.125931	n
15	75.870000	101.125931	75.737256	103.404230	n
16	75.737256	103.404230	75.019367	105.570540	n
17	75.019367	105.570540	73.765258	107.477232	n
18	73.765258	107.477232	72.060392	108.994367	n
19	72.060392	108.994367	70.020956	110.018556	n
20	70.020956	110.018556	67.785931	110.480000	n
21	67.785931	110.480000	8.168581	110.480000	n
22	8.168581	110.480000	6.240384	110.058950	n
23	6.240384	110.058950	4.486864	109.153192	n
24	4.486864	109.153192	3.027521	107.824453	n
25	3.027521	107.824453	1.961807	106.163284	n
26	1.961807	106.163284	1.362349	104.282890	n
27	1.362349	104.282890	1.270000	102.311419	n
Tolerance=0.050000.
*Exact match for i=0 and j=1.
*i point 1.270000	102.311419	1.270000	6.132087	y
*Exact match for i=1 and j=2.
*i point 1.270000	6.132087	1.565494	3.887586	y
*Exact match for i=2 and j=3.
*i point 1.565494	3.887586	2.431839	1.796044	y
*Exact match for i=3 and j=4.
*i point 2.431839	1.796044	3.809996	-0.000004	y
*Exact match for i=4 and j=5.
*i point 3.809996	-0.000004	5.606044	-1.378161	y
*Exact match for i=5 and j=6.
*i point 5.606044	-1.378161	7.697586	-2.244506	y
*Exact match for i=6 and j=7.
*i point 7.697586	-2.244506	9.942088	-2.540000	y
*Exact match for i=7 and j=8.
*i point 9.942088	-2.540000	67.769366	-2.540000	y
*Exact match for i=8 and j=9.
*i point 67.769366	-2.540000	69.865964	-2.263978	y
*Exact match for i=9 and j=10.
*i point 69.865964	-2.263978	71.819683	-1.454721	y
*Exact match for i=10 and j=11.
*i point 71.819683	-1.454721	73.497379	-0.167379	y
*Exact match for i=11 and j=12.
*i point 73.497379	-0.167379	74.784721	1.510317	y
*Exact match for i=12 and j=13.
*i point 74.784721	1.510317	75.593978	3.464036	y
*Exact match for i=13 and j=14.
*i point 75.593978	3.464036	75.870000	5.560634	y
*Exact match for i=14 and j=15.
*i point 75.870000	5.560634	75.870000	101.125931	y
*Exact match for i=15 and j=16.
*i point 75.870000	101.125931	75.737256	103.404230	y
*Exact match for i=16 and j=17.
*i point 75.737256	103.404230	75.019367	105.570540	y
*Exact match for i=17 and j=18.
*i point 75.019367	105.570540	73.765258	107.477232	y
*Exact match for i=18 and j=19.
*i point 73.765258	107.477232	72.060392	108.994367	y
*Exact match for i=19 and j=20.
*i point 72.060392	108.994367	70.020956	110.018556	y
*Exact match for i=20 and j=21.
*i point 70.020956	110.018556	67.785931	110.480000	y
*Exact match for i=21 and j=22.
*i point 67.785931	110.480000	8.168581	110.480000	y
*Exact match for i=22 and j=23.
*i point 8.168581	110.480000	6.240384	110.058950	y
*Exact match for i=23 and j=24.
*i point 6.240384	110.058950	4.486864	109.153192	y
*Exact match for i=24 and j=25.
*i point 4.486864	109.153192	3.027521	107.824453	y
*Exact match for i=25 and j=26.
*i point 3.027521	107.824453	1.961807	106.163284	y
*Exact match for i=26 and j=27.
*i point 1.961807	106.163284	1.362349	104.282890	y
########### array after sorts ###########
0	1.270000	102.311419	1.270000	6.132087	y
1	1.270000	6.132087	1.565494	3.887586	y
2	1.565494	3.887586	2.431839	1.796044	y
3	2.431839	1.796044	3.809996	-0.000004	y
4	3.809996	-0.000004	5.606044	-1.378161	y
5	5.606044	-1.378161	7.697586	-2.244506	y
6	7.697586	-2.244506	9.942088	-2.540000	y
7	9.942088	-2.540000	67.769366	-2.540000	y
8	67.769366	-2.540000	69.865964	-2.263978	y
9	69.865964	-2.263978	71.819683	-1.454721	y
10	71.819683	-1.454721	73.497379	-0.167379	y
11	73.497379	-0.167379	74.784721	1.510317	y
12	74.784721	1.510317	75.593978	3.464036	y
13	75.593978	3.464036	75.870000	5.560634	y
14	75.870000	5.560634	75.870000	101.125931	y
15	75.870000	101.125931	75.737256	103.404230	y
16	75.737256	103.404230	75.019367	105.570540	y
17	75.019367	105.570540	73.765258	107.477232	y
18	73.765258	107.477232	72.060392	108.994367	y
19	72.060392	108.994367	70.020956	110.018556	y
20	70.020956	110.018556	67.785931	110.480000	y
21	67.785931	110.480000	8.168581	110.480000	y
22	8.168581	110.480000	6.240384	110.058950	y
23	6.240384	110.058950	4.486864	109.153192	y
24	4.486864	109.153192	3.027521	107.824453	y
25	3.027521	107.824453	1.961807	106.163284	y
26	1.961807	106.163284	1.362349	104.282890	y
27	1.362349	104.282890	1.270000	102.311419	y
***************
.BOARD_OUTLINE UNOWNED
1.6
0     1.270000     102.311419     0
0     1.270000     6.132087     0
0     1.565494     3.887586     0
0     2.431839     1.796044     0
0     3.809996     -0.000004     0
0     5.606044     -1.378161     0
0     7.697586     -2.244506     0
0     9.942088     -2.540000     0
0     67.769366     -2.540000     0
0     69.865964     -2.263978     0
0     71.819683     -1.454721     0
0     73.497379     -0.167379     0
0     74.784721     1.510317     0
0     75.593978     3.464036     0
0     75.870000     5.560634     0
0     75.870000     101.125931     0
0     75.737256     103.404230     0
0     75.019367     105.570540     0
0     73.765258     107.477232     0
0     72.060392     108.994367     0
0     70.020956     110.018556     0
0     67.785931     110.480000     0
0     8.168581     110.480000     0
0     6.240384     110.058950     0
0     4.486864     109.153192     0
0     3.027521     107.824453     0
0     1.961807     106.163284     0
0     1.362349     104.282890     0
0     1.270000     102.311419     0
